  main.cpp
c:\programing\labs\lab3\lab3\sunctions.h(8): error C2059: syntax error: 'for'
c:\programing\labs\lab3\lab3\sunctions.h(8): error C2143: syntax error: missing ')' before ';'
c:\programing\labs\lab3\lab3\sunctions.h(8): error C2143: syntax error: missing ';' before '<'
c:\programing\labs\lab3\lab3\sunctions.h(8): error C4430: missing type specifier - int assumed. Note: C++ does not support default-int
c:\programing\labs\lab3\lab3\sunctions.h(8): error C2059: syntax error: '++'
c:\programing\labs\lab3\lab3\sunctions.h(8): error C2059: syntax error: ')'
c:\programing\labs\lab3\lab3\sunctions.h(9): error C2143: syntax error: missing ')' before ';'
c:\programing\labs\lab3\lab3\sunctions.h(9): error C2143: syntax error: missing ';' before '<'
c:\programing\labs\lab3\lab3\sunctions.h(9): error C4430: missing type specifier - int assumed. Note: C++ does not support default-int
c:\programing\labs\lab3\lab3\sunctions.h(9): error C2059: syntax error: '++'
c:\programing\labs\lab3\lab3\sunctions.h(9): error C2059: syntax error: ')'
c:\programing\labs\lab3\lab3\sunctions.h(10): error C2143: syntax error: missing ';' before '{'
c:\programing\labs\lab3\lab3\sunctions.h(10): error C2447: '{': missing function header (old-style formal list?)
c:\programing\labs\lab3\lab3\sunctions.h(15): error C2059: syntax error: 'for'
c:\programing\labs\lab3\lab3\sunctions.h(15): error C2143: syntax error: missing ')' before ';'
c:\programing\labs\lab3\lab3\sunctions.h(15): error C2143: syntax error: missing ';' before '=='
c:\programing\labs\lab3\lab3\sunctions.h(15): error C4430: missing type specifier - int assumed. Note: C++ does not support default-int
c:\programing\labs\lab3\lab3\sunctions.h(15): error C2059: syntax error: ')'
c:\programing\labs\lab3\lab3\sunctions.h(16): error C2447: '{': missing function header (old-style formal list?)
  Sunctions.cpp
c:\programing\labs\lab3\lab3\sunctions.h(8): error C2059: syntax error: 'for'
c:\programing\labs\lab3\lab3\sunctions.h(8): error C2143: syntax error: missing ')' before ';'
c:\programing\labs\lab3\lab3\sunctions.h(8): error C2143: syntax error: missing ';' before '<'
c:\programing\labs\lab3\lab3\sunctions.h(8): error C4430: missing type specifier - int assumed. Note: C++ does not support default-int
c:\programing\labs\lab3\lab3\sunctions.h(8): error C2059: syntax error: '++'
c:\programing\labs\lab3\lab3\sunctions.h(8): error C2059: syntax error: ')'
c:\programing\labs\lab3\lab3\sunctions.h(9): error C2143: syntax error: missing ')' before ';'
c:\programing\labs\lab3\lab3\sunctions.h(9): error C2143: syntax error: missing ';' before '<'
c:\programing\labs\lab3\lab3\sunctions.h(9): error C4430: missing type specifier - int assumed. Note: C++ does not support default-int
c:\programing\labs\lab3\lab3\sunctions.h(9): error C2059: syntax error: '++'
c:\programing\labs\lab3\lab3\sunctions.h(9): error C2059: syntax error: ')'
c:\programing\labs\lab3\lab3\sunctions.h(10): error C2143: syntax error: missing ';' before '{'
c:\programing\labs\lab3\lab3\sunctions.h(10): error C2447: '{': missing function header (old-style formal list?)
c:\programing\labs\lab3\lab3\sunctions.h(15): error C2059: syntax error: 'for'
c:\programing\labs\lab3\lab3\sunctions.h(15): error C2143: syntax error: missing ')' before ';'
c:\programing\labs\lab3\lab3\sunctions.h(15): error C2143: syntax error: missing ';' before '=='
c:\programing\labs\lab3\lab3\sunctions.h(15): error C4430: missing type specifier - int assumed. Note: C++ does not support default-int
c:\programing\labs\lab3\lab3\sunctions.h(15): error C2059: syntax error: ')'
c:\programing\labs\lab3\lab3\sunctions.h(16): error C2447: '{': missing function header (old-style formal list?)
c:\programing\labs\lab3\lab3\sunctions.cpp(6): error C2540: non-constant expression as array bound
c:\programing\labs\lab3\lab3\sunctions.cpp(6): error C2440: 'initializing': cannot convert from 'double (*)[1]' to 'double **'
  c:\programing\labs\lab3\lab3\sunctions.cpp(6): note: Types pointed to are unrelated; conversion requires reinterpret_cast, C-style cast or function-style cast
  Generating Code...
